{"/home/josemorista/Documents/Dev/youngmonkey/youngmonkey-sls/src/domain/entities/Client.js": {"path":"/home/josemorista/Documents/Dev/youngmonkey/youngmonkey-sls/src/domain/entities/Client.js","all":false,"statementMap":{"0":{"start":{"line":1,"column":0},"end":{"line":1,"column":31}},"1":{"start":{"line":2,"column":0},"end":{"line":2,"column":34}},"2":{"start":{"line":3,"column":0},"end":{"line":3,"column":19}},"3":{"start":{"line":4,"column":0},"end":{"line":4,"column":35}},"4":{"start":{"line":5,"column":0},"end":{"line":5,"column":25}},"5":{"start":{"line":6,"column":0},"end":{"line":6,"column":2}},"6":{"start":{"line":7,"column":0},"end":{"line":7,"column":0}},"7":{"start":{"line":8,"column":0},"end":{"line":8,"column":20}},"8":{"start":{"line":9,"column":0},"end":{"line":9,"column":48}},"9":{"start":{"line":10,"column":0},"end":{"line":10,"column":70}},"10":{"start":{"line":11,"column":0},"end":{"line":11,"column":5}},"11":{"start":{"line":12,"column":0},"end":{"line":12,"column":2}},"12":{"start":{"line":13,"column":0},"end":{"line":13,"column":2}}},"s":{"0":1,"1":1,"2":2,"3":2,"4":2,"5":2,"6":1,"7":1,"8":2,"9":3,"10":3,"11":2,"12":1},"branchMap":{"0":{"type":"branch","line":2,"loc":{"start":{"line":2,"column":1},"end":{"line":6,"column":2}},"locations":[{"start":{"line":2,"column":1},"end":{"line":6,"column":2}}]},"1":{"type":"branch","line":8,"loc":{"start":{"line":8,"column":1},"end":{"line":12,"column":2}},"locations":[{"start":{"line":8,"column":1},"end":{"line":12,"column":2}}]},"2":{"type":"branch","line":9,"loc":{"start":{"line":9,"column":35},"end":{"line":11,"column":5}},"locations":[{"start":{"line":9,"column":35},"end":{"line":11,"column":5}}]},"3":{"type":"branch","line":10,"loc":{"start":{"line":10,"column":24},"end":{"line":10,"column":30}},"locations":[{"start":{"line":10,"column":24},"end":{"line":10,"column":30}}]}},"b":{"0":[2],"1":[2],"2":[3],"3":[2]},"fnMap":{"0":{"name":"Client","decl":{"start":{"line":2,"column":1},"end":{"line":6,"column":2}},"loc":{"start":{"line":2,"column":1},"end":{"line":6,"column":2}},"line":2},"1":{"name":"#validateClient","decl":{"start":{"line":8,"column":1},"end":{"line":12,"column":2}},"loc":{"start":{"line":8,"column":1},"end":{"line":12,"column":2}},"line":8}},"f":{"0":2,"1":2}}
}
