TN:
SF:src/constants.js
FNF:0
FNH:0
DA:1,1
DA:2,1
DA:3,1
DA:4,1
DA:5,1
DA:6,1
DA:7,1
DA:8,1
DA:9,1
DA:10,1
DA:11,1
DA:12,1
LF:12
LH:12
BRF:0
BRH:0
end_of_record
TN:
SF:src/application/bus/CommandBus.js
FN:2,publish
FN:5,subscribe
FNF:2
FNH:0
FNDA:0,publish
FNDA:0,subscribe
DA:1,1
DA:2,1
DA:3,0
DA:4,0
DA:5,1
DA:6,0
DA:7,0
DA:8,1
LF:8
LH:4
BRF:0
BRH:0
end_of_record
TN:
SF:src/application/bus/MemCommandBus.js
FN:4,MemCommandBus
FN:9,subscribe
FN:13,publish
FNF:3
FNH:3
FNDA:1,MemCommandBus
FNDA:1,subscribe
FNDA:1,publish
DA:1,1
DA:2,1
DA:3,1
DA:4,1
DA:5,1
DA:6,1
DA:7,1
DA:8,1
DA:9,1
DA:10,1
DA:11,1
DA:12,1
DA:13,1
DA:14,1
DA:15,1
DA:16,1
DA:17,1
DA:18,1
LF:18
LH:18
BRDA:4,0,0,1
BRDA:9,1,0,1
BRDA:13,2,0,1
BRF:3
BRH:3
end_of_record
TN:
SF:src/application/commands/Command.js
FN:4,getName
FN:5,getPayload
FNF:2
FNH:0
FNDA:0,getName
FNDA:0,getPayload
DA:1,1
DA:2,1
DA:3,1
DA:4,1
DA:5,1
DA:6,1
LF:6
LH:6
BRF:0
BRH:0
end_of_record
TN:
SF:src/application/commands/PlaceOrderCommand.js
FN:9,PlaceOrderCommand
FN:14,getName
FN:18,getPayload
FNF:3
FNH:3
FNDA:1,PlaceOrderCommand
FNDA:1,getName
FNDA:1,getPayload
DA:1,1
DA:2,1
DA:3,1
DA:4,1
DA:5,1
DA:6,1
DA:7,1
DA:8,1
DA:9,1
DA:10,1
DA:11,1
DA:12,1
DA:13,1
DA:14,1
DA:15,1
DA:16,1
DA:17,1
DA:18,1
DA:19,1
DA:20,1
DA:21,1
LF:21
LH:21
BRDA:9,0,0,1
BRDA:14,1,0,1
BRDA:18,2,0,1
BRF:3
BRH:3
end_of_record
TN:
SF:src/application/observers/CommandObserver.js
FN:2,getObservable
FN:3,notify
FNF:2
FNH:0
FNDA:0,getObservable
FNDA:0,notify
DA:1,1
DA:2,1
DA:3,1
DA:4,0
DA:5,0
DA:6,1
LF:6
LH:4
BRF:0
BRH:0
end_of_record
TN:
SF:src/application/observers/NotifyMembersObserver.js
FN:7,getObservable
FN:11,notify
FNF:2
FNH:1
FNDA:1,getObservable
FNDA:0,notify
DA:1,1
DA:2,1
DA:3,1
DA:4,1
DA:5,1
DA:6,1
DA:7,1
DA:8,1
DA:9,1
DA:10,1
DA:11,1
DA:12,0
DA:13,0
DA:14,1
LF:14
LH:12
BRDA:7,0,0,1
BRF:1
BRH:1
end_of_record
TN:
SF:src/domain/entities/Client.js
FN:2,Client
FN:9,#validateClient
FNF:2
FNH:2
FNDA:6,Client
FNDA:6,#validateClient
DA:1,1
DA:2,1
DA:3,6
DA:4,6
DA:5,6
DA:6,6
DA:7,6
DA:8,1
DA:9,1
DA:10,6
DA:11,11
DA:12,11
DA:13,6
DA:14,1
LF:14
LH:14
BRDA:2,0,0,6
BRDA:9,1,0,6
BRDA:10,2,0,11
BRDA:11,3,0,2
BRF:4
BRH:4
end_of_record
TN:
SF:src/domain/entities/Order.js
FN:4,Order
FN:13,#validateOrder
FNF:2
FNH:2
FNDA:6,Order
FNDA:6,#validateOrder
DA:1,1
DA:2,1
DA:3,1
DA:4,1
DA:5,6
DA:6,6
DA:7,6
DA:8,6
DA:9,6
DA:10,6
DA:11,6
DA:12,1
DA:13,1
DA:14,6
DA:15,11
DA:16,11
DA:17,6
DA:18,4
DA:19,4
DA:20,4
DA:21,3
DA:22,1
LF:22
LH:22
BRDA:4,0,0,6
BRDA:7,1,0,4
BRDA:8,2,0,4
BRDA:9,3,0,4
BRDA:13,4,0,6
BRDA:17,5,0,1
BRDA:17,6,0,4
BRDA:19,7,0,1
BRDA:21,8,0,3
BRDA:14,9,0,11
BRDA:15,10,0,1
BRF:11
BRH:11
end_of_record
